<?xml version="1.0" encoding="UTF-8"?>
<!-- Generated by org.testng.reporters.JUnitReportReporter -->
<testsuite skipped="0" hostname="Vitalys-MacBook-Pro.local" name="HomePage" tests="2" failures="0" timestamp="2019-12-18T16:41:36 EET" time="15.466" errors="0">
  <testcase name="basePageNavigation" time="11.445" classname="HomePage"/>
  <testcase name="basePageNavigation" time="4.021" classname="HomePage"/>
</testsuite> <!-- HomePage -->
