<?xml version="1.0" encoding="UTF-8"?>
<!-- Generated by org.testng.reporters.JUnitReportReporter -->
<testsuite skipped="0" hostname="Vitalys-MacBook-Pro.local" name="VerifyNavigationBar" tests="1" failures="0" timestamp="2019-12-18T16:20:31 EET" time="0.058" errors="0">
  <testcase name="verifyNavigationBar" time="0.058" classname="VerifyNavigationBar"/>
</testsuite> <!-- VerifyNavigationBar -->
